2026-04-07 13:06:51 [INFO] 新規依頼 1 件検出
2026-04-07 13:06:51 [INFO] 対応開始: majistretch - テスト送信です。この依頼は自動処理テスト用です。対応不要。
2026-04-07 13:10:01 [INFO] === 改修依頼 自動処理開始 ===
2026-04-07 13:10:01 [INFO] 新規依頼なし
2026-04-07 13:10:01 [INFO] 処理対象なし。終了。
2026-04-07 13:20:01 [INFO] === 改修依頼 自動処理開始 ===
2026-04-07 13:20:02 [INFO] 新規依頼なし
2026-04-07 13:20:02 [INFO] 処理対象なし。終了。
2026-04-07 13:30:01 [INFO] === 改修依頼 自動処理開始 ===
2026-04-07 13:30:01 [INFO] 新規依頼なし
2026-04-07 13:30:01 [INFO] 処理対象なし。終了。
2026-04-07 13:40:01 [INFO] === 改修依頼 自動処理開始 ===
2026-04-07 13:40:02 [INFO] 新規依頼なし
2026-04-07 13:40:02 [INFO] 処理対象なし。終了。
2026-04-07 13:50:01 [INFO] === 改修依頼 自動処理開始 ===
2026-04-07 13:50:01 [INFO] 新規依頼なし
2026-04-07 13:50:01 [INFO] 処理対象なし。終了。
2026-04-07 14:00:01 [INFO] === 改修依頼 自動処理開始 ===
2026-04-07 14:00:02 [INFO] 新規依頼なし
2026-04-07 14:00:02 [INFO] 処理対象なし。終了。
2026-04-07 14:10:01 [INFO] === 改修依頼 自動処理開始 ===
2026-04-07 14:10:01 [INFO] 新規依頼なし
2026-04-07 14:10:01 [INFO] 処理対象なし。終了。
2026-04-07 14:20:01 [INFO] === 改修依頼 自動処理開始 ===
2026-04-07 14:20:02 [INFO] 新規依頼なし
2026-04-07 14:20:02 [INFO] 処理対象なし。終了。
2026-04-07 14:30:01 [INFO] === 改修依頼 自動処理開始 ===
2026-04-07 14:30:01 [INFO] 新規依頼なし
2026-04-07 14:30:01 [INFO] 処理対象なし。終了。
2026-04-07 14:40:02 [INFO] === 改修依頼 自動処理開始 ===
2026-04-07 14:40:02 [INFO] 新規依頼なし
2026-04-07 14:40:02 [INFO] 処理対象なし。終了。
2026-04-07 14:50:01 [INFO] === 改修依頼 自動処理開始 ===
2026-04-07 14:50:02 [INFO] 新規依頼なし
2026-04-07 14:50:02 [INFO] 処理対象なし。終了。
2026-04-07 15:00:01 [INFO] === 改修依頼 自動処理開始 ===
2026-04-07 15:00:01 [INFO] 新規依頼なし
2026-04-07 15:00:01 [INFO] 処理対象なし。終了。
2026-04-07 15:10:01 [INFO] === 改修依頼 自動処理開始 ===
2026-04-07 15:10:02 [INFO] 新規依頼なし
2026-04-07 15:10:02 [INFO] 処理対象なし。終了。
2026-04-07 15:20:01 [INFO] === 改修依頼 自動処理開始 ===
2026-04-07 15:20:01 [INFO] 新規依頼なし
2026-04-07 15:20:01 [INFO] 処理対象なし。終了。
2026-04-07 15:30:01 [INFO] === 改修依頼 自動処理開始 ===
2026-04-07 15:30:02 [INFO] 新規依頼なし
2026-04-07 15:30:02 [INFO] 処理対象なし。終了。
2026-04-07 15:40:01 [INFO] === 改修依頼 自動処理開始 ===
2026-04-07 15:40:01 [INFO] 新規依頼なし
2026-04-07 15:40:01 [INFO] 処理対象なし。終了。
2026-04-07 15:50:01 [INFO] === 改修依頼 自動処理開始 ===
2026-04-07 15:50:02 [INFO] 新規依頼なし
2026-04-07 15:50:02 [INFO] 処理対象なし。終了。
2026-04-07 16:00:01 [INFO] === 改修依頼 自動処理開始 ===
2026-04-07 16:00:01 [INFO] 新規依頼なし
2026-04-07 16:00:01 [INFO] 処理対象なし。終了。
2026-04-07 16:10:01 [INFO] === 改修依頼 自動処理開始 ===
2026-04-07 16:10:02 [INFO] 新規依頼なし
2026-04-07 16:10:02 [INFO] 処理対象なし。終了。
2026-04-07 16:20:01 [INFO] === 改修依頼 自動処理開始 ===
2026-04-07 16:20:03 [INFO] 新規依頼なし
2026-04-07 16:20:03 [INFO] 処理対象なし。終了。
2026-04-07 16:30:01 [INFO] === 改修依頼 自動処理開始 ===
2026-04-07 16:30:02 [INFO] 新規依頼なし
2026-04-07 16:30:02 [INFO] 処理対象なし。終了。
2026-04-07 16:40:01 [INFO] === 改修依頼 自動処理開始 ===
2026-04-07 16:40:02 [INFO] 新規依頼なし
2026-04-07 16:40:02 [INFO] 処理対象なし。終了。
2026-04-07 16:50:01 [INFO] === 改修依頼 自動処理開始 ===
2026-04-07 16:50:02 [INFO] 新規依頼なし
2026-04-07 16:50:02 [INFO] 処理対象なし。終了。
2026-04-07 17:00:01 [INFO] === 改修依頼 自動処理開始 ===
2026-04-07 17:00:01 [INFO] 新規依頼なし
2026-04-07 17:00:01 [INFO] 処理対象なし。終了。
2026-04-07 17:10:01 [INFO] === 改修依頼 自動処理開始 ===
2026-04-07 17:10:02 [INFO] 新規依頼なし
2026-04-07 17:10:02 [INFO] 処理対象なし。終了。
2026-04-07 17:20:01 [INFO] === 改修依頼 自動処理開始 ===
2026-04-07 17:20:01 [INFO] 新規依頼なし
2026-04-07 17:20:01 [INFO] 処理対象なし。終了。
2026-04-07 17:30:02 [INFO] === 改修依頼 自動処理開始 ===
2026-04-07 17:30:02 [INFO] 新規依頼なし
2026-04-07 17:30:02 [INFO] 処理対象なし。終了。
2026-04-07 17:40:01 [INFO] === 改修依頼 自動処理開始 ===
2026-04-07 17:40:02 [INFO] 新規依頼なし
2026-04-07 17:40:02 [INFO] 処理対象なし。終了。
2026-04-07 17:50:01 [INFO] === 改修依頼 自動処理開始 ===
2026-04-07 17:50:01 [INFO] 新規依頼なし
2026-04-07 17:50:01 [INFO] 処理対象なし。終了。
2026-04-07 18:00:02 [INFO] === 改修依頼 自動処理開始 ===
2026-04-07 18:00:02 [INFO] 新規依頼なし
2026-04-07 18:00:02 [INFO] 処理対象なし。終了。
2026-04-07 18:10:02 [INFO] === 改修依頼 自動処理開始 ===
2026-04-07 18:10:02 [INFO] 新規依頼なし
2026-04-07 18:10:02 [INFO] 処理対象なし。終了。
2026-04-07 18:20:02 [INFO] === 改修依頼 自動処理開始 ===
2026-04-07 18:20:02 [INFO] 新規依頼なし
2026-04-07 18:20:02 [INFO] 処理対象なし。終了。
2026-04-07 18:30:01 [INFO] === 改修依頼 自動処理開始 ===
2026-04-07 18:30:02 [INFO] 新規依頼なし
2026-04-07 18:30:02 [INFO] 処理対象なし。終了。
