2026-04-13 20:12:14,332 [INFO] === インデックス状態チェック開始: 14URL ===
2026-04-13 20:12:21,979 [INFO]   [OK] PASS    Submitted and indexed                    crawl=2026-04-11 https://vonds.co.jp/
2026-04-13 20:12:29,869 [INFO]   [OK] PASS    Submitted and indexed                    crawl=2026-04-11 https://vonds.co.jp/works/seo/
2026-04-13 20:12:37,720 [INFO]   [OK] PASS    Submitted and indexed                    crawl=2026-04-11 https://vonds.co.jp/works/web/
2026-04-13 20:12:45,775 [INFO]   [OK] PASS    Submitted and indexed                    crawl=2026-04-11 https://vonds.co.jp/works/ads/
2026-04-13 20:12:53,550 [INFO]   [OK] PASS    Submitted and indexed                    crawl=2026-04-11 https://vonds.co.jp/works/ai/
2026-04-13 20:13:01,078 [INFO]   [NG] NEUTRAL Duplicate, Google chose different canonical than user crawl=2026-04-11 https://vonds.co.jp/company/
2026-04-13 20:13:08,548 [INFO]   [OK] PASS    Submitted and indexed                    crawl=2026-04-11 https://vonds.co.jp/column/
2026-04-13 20:13:16,112 [INFO]   [NG] NEUTRAL Discovered - currently not indexed       crawl=NEVER https://vonds.co.jp/column/seo-howto-guide/
2026-04-13 20:13:24,182 [INFO]   [OK] PASS    Submitted and indexed                    crawl=2026-04-11 https://vonds.co.jp/column/yamanashi-seo/
2026-04-13 20:13:32,144 [INFO]   [NG] NEUTRAL URL is unknown to Google                 crawl=NEVER https://vonds.co.jp/column/what-is-seo/
2026-04-13 20:13:40,083 [INFO]   [NG] NEUTRAL URL is unknown to Google                 crawl=NEVER https://vonds.co.jp/column/web-design-guide/
2026-04-13 20:13:47,767 [INFO]   [NG] NEUTRAL URL is unknown to Google                 crawl=NEVER https://vonds.co.jp/column/google-ads-guide/
2026-04-13 20:13:55,534 [INFO]   [NG] NEUTRAL URL is unknown to Google                 crawl=NEVER https://vonds.co.jp/column/ai-business-guide/
2026-04-13 20:14:03,741 [INFO]   [NG] NEUTRAL Discovered - currently not indexed       crawl=NEVER https://vonds.co.jp/column/local-seo-strategy/
2026-04-13 20:14:04,242 [INFO] === 結果: 7/14 インデックス済み ===
2026-04-13 20:14:04,242 [WARNING] 未インデックス: https://vonds.co.jp/company/, https://vonds.co.jp/column/seo-howto-guide/, https://vonds.co.jp/column/what-is-seo/, https://vonds.co.jp/column/web-design-guide/, https://vonds.co.jp/column/google-ads-guide/, https://vonds.co.jp/column/ai-business-guide/, https://vonds.co.jp/column/local-seo-strategy/
2026-04-13 20:14:04,242 [INFO] 結果保存: /home/ozawakiryu0902/projects/vonds/data/gsc/index_status_latest.json
2026-04-14 10:02:52,787 [INFO] === インデックス状態チェック開始: 15URL ===
2026-04-14 10:03:00,170 [INFO]   [OK] PASS    Submitted and indexed                    crawl=2026-04-13 https://vonds.co.jp/
2026-04-14 10:03:07,866 [INFO]   [OK] PASS    Submitted and indexed                    crawl=2026-04-11 https://vonds.co.jp/works/seo/
2026-04-14 10:03:15,685 [INFO]   [OK] PASS    Submitted and indexed                    crawl=2026-04-11 https://vonds.co.jp/works/web/
2026-04-14 10:03:23,431 [INFO]   [OK] PASS    Submitted and indexed                    crawl=2026-04-11 https://vonds.co.jp/works/ads/
2026-04-14 10:03:31,145 [INFO]   [OK] PASS    Submitted and indexed                    crawl=2026-04-11 https://vonds.co.jp/works/ai/
2026-04-14 10:03:38,598 [INFO]   [NG] NEUTRAL Duplicate, Google chose different canonical than user crawl=2026-04-11 https://vonds.co.jp/company/
2026-04-14 10:03:46,325 [INFO]   [OK] PASS    Submitted and indexed                    crawl=2026-04-11 https://vonds.co.jp/column/
2026-04-14 10:03:54,083 [INFO]   [NG] NEUTRAL Discovered - currently not indexed       crawl=NEVER https://vonds.co.jp/column/seo-howto-guide/
2026-04-14 10:04:02,016 [INFO]   [OK] PASS    Submitted and indexed                    crawl=2026-04-11 https://vonds.co.jp/column/yamanashi-seo/
2026-04-14 10:04:09,453 [INFO]   [NG] NEUTRAL Discovered - currently not indexed       crawl=NEVER https://vonds.co.jp/column/what-is-seo/
2026-04-14 10:04:16,624 [INFO]   [NG] NEUTRAL URL is unknown to Google                 crawl=NEVER https://vonds.co.jp/column/web-design-guide/
2026-04-14 10:04:24,176 [INFO]   [NG] NEUTRAL URL is unknown to Google                 crawl=NEVER https://vonds.co.jp/column/google-ads-guide/
2026-04-14 10:04:31,710 [INFO]   [NG] NEUTRAL URL is unknown to Google                 crawl=NEVER https://vonds.co.jp/column/ai-business-guide/
2026-04-14 10:04:39,180 [INFO]   [NG] NEUTRAL URL is unknown to Google                 crawl=NEVER https://vonds.co.jp/column/local-seo-strategy/
2026-04-14 10:04:46,834 [INFO]   [NG] NEUTRAL URL is unknown to Google                 crawl=NEVER https://vonds.co.jp/column/website-cost-guide/
2026-04-14 10:04:47,334 [INFO] === 結果: 7/15 インデックス済み ===
2026-04-14 10:04:47,334 [WARNING] 未インデックス: https://vonds.co.jp/company/, https://vonds.co.jp/column/seo-howto-guide/, https://vonds.co.jp/column/what-is-seo/, https://vonds.co.jp/column/web-design-guide/, https://vonds.co.jp/column/google-ads-guide/, https://vonds.co.jp/column/ai-business-guide/, https://vonds.co.jp/column/local-seo-strategy/, https://vonds.co.jp/column/website-cost-guide/
2026-04-14 10:04:47,335 [INFO] 結果保存: /home/ozawakiryu0902/projects/vonds/data/gsc/index_status_latest.json
2026-04-15 10:02:50,213 [INFO] === インデックス状態チェック開始: 16URL ===
2026-04-15 10:02:57,627 [INFO]   [OK] PASS    Submitted and indexed                    crawl=2026-04-13 https://vonds.co.jp/
2026-04-15 10:03:05,099 [INFO]   [OK] PASS    Submitted and indexed                    crawl=2026-04-11 https://vonds.co.jp/works/seo/
2026-04-15 10:03:12,885 [INFO]   [OK] PASS    Submitted and indexed                    crawl=2026-04-11 https://vonds.co.jp/works/web/
2026-04-15 10:03:20,615 [INFO]   [OK] PASS    Submitted and indexed                    crawl=2026-04-11 https://vonds.co.jp/works/ads/
2026-04-15 10:03:28,028 [INFO]   [OK] PASS    Submitted and indexed                    crawl=2026-04-11 https://vonds.co.jp/works/ai/
2026-04-15 10:03:35,466 [INFO]   [NG] NEUTRAL Duplicate, Google chose different canonical than user crawl=2026-04-11 https://vonds.co.jp/company/
2026-04-15 10:03:43,179 [INFO]   [OK] PASS    Submitted and indexed                    crawl=2026-04-11 https://vonds.co.jp/column/
2026-04-15 10:03:50,657 [INFO]   [NG] NEUTRAL Discovered - currently not indexed       crawl=NEVER https://vonds.co.jp/column/seo-howto-guide/
2026-04-15 10:03:58,134 [INFO]   [OK] PASS    Submitted and indexed                    crawl=2026-04-11 https://vonds.co.jp/column/yamanashi-seo/
2026-04-15 10:04:05,365 [INFO]   [NG] NEUTRAL Discovered - currently not indexed       crawl=NEVER https://vonds.co.jp/column/what-is-seo/
2026-04-15 10:04:12,679 [INFO]   [NG] NEUTRAL Discovered - currently not indexed       crawl=NEVER https://vonds.co.jp/column/web-design-guide/
2026-04-15 10:04:20,622 [INFO]   [NG] NEUTRAL Discovered - currently not indexed       crawl=NEVER https://vonds.co.jp/column/google-ads-guide/
2026-04-15 10:04:28,376 [INFO]   [NG] NEUTRAL Discovered - currently not indexed       crawl=NEVER https://vonds.co.jp/column/ai-business-guide/
2026-04-15 10:04:36,044 [INFO]   [NG] NEUTRAL Discovered - currently not indexed       crawl=NEVER https://vonds.co.jp/column/local-seo-strategy/
2026-04-15 10:04:43,730 [INFO]   [NG] NEUTRAL Discovered - currently not indexed       crawl=NEVER https://vonds.co.jp/column/website-cost-guide/
2026-04-15 10:04:51,226 [INFO]   [NG] NEUTRAL URL is unknown to Google                 crawl=NEVER https://vonds.co.jp/column/lp-design-tips/
2026-04-15 10:04:51,726 [INFO] === 結果: 7/16 インデックス済み ===
2026-04-15 10:04:51,727 [WARNING] 未インデックス: https://vonds.co.jp/company/, https://vonds.co.jp/column/seo-howto-guide/, https://vonds.co.jp/column/what-is-seo/, https://vonds.co.jp/column/web-design-guide/, https://vonds.co.jp/column/google-ads-guide/, https://vonds.co.jp/column/ai-business-guide/, https://vonds.co.jp/column/local-seo-strategy/, https://vonds.co.jp/column/website-cost-guide/, https://vonds.co.jp/column/lp-design-tips/
2026-04-15 10:04:51,728 [INFO] 結果保存: /home/ozawakiryu0902/projects/vonds/data/gsc/index_status_latest.json
2026-04-16 10:02:04,365 [INFO] === インデックス状態チェック開始: 17URL ===
2026-04-16 10:02:11,944 [INFO]   [OK] PASS    Submitted and indexed                    crawl=2026-04-15 https://vonds.co.jp/
2026-04-16 10:02:19,697 [INFO]   [OK] PASS    Submitted and indexed                    crawl=2026-04-11 https://vonds.co.jp/works/seo/
2026-04-16 10:02:27,403 [INFO]   [OK] PASS    Submitted and indexed                    crawl=2026-04-11 https://vonds.co.jp/works/web/
2026-04-16 10:02:35,160 [INFO]   [OK] PASS    Submitted and indexed                    crawl=2026-04-11 https://vonds.co.jp/works/ads/
2026-04-16 10:02:42,853 [INFO]   [OK] PASS    Submitted and indexed                    crawl=2026-04-11 https://vonds.co.jp/works/ai/
2026-04-16 10:02:50,508 [INFO]   [NG] NEUTRAL Duplicate, Google chose different canonical than user crawl=2026-04-11 https://vonds.co.jp/company/
2026-04-16 10:02:58,009 [INFO]   [OK] PASS    Submitted and indexed                    crawl=2026-04-11 https://vonds.co.jp/column/
2026-04-16 10:03:05,343 [INFO]   [NG] NEUTRAL Discovered - currently not indexed       crawl=NEVER https://vonds.co.jp/column/seo-howto-guide/
2026-04-16 10:03:13,026 [INFO]   [OK] PASS    Submitted and indexed                    crawl=2026-04-11 https://vonds.co.jp/column/yamanashi-seo/
2026-04-16 10:03:20,601 [INFO]   [NG] NEUTRAL Discovered - currently not indexed       crawl=NEVER https://vonds.co.jp/column/what-is-seo/
2026-04-16 10:03:28,077 [INFO]   [NG] NEUTRAL Discovered - currently not indexed       crawl=NEVER https://vonds.co.jp/column/web-design-guide/
2026-04-16 10:03:35,688 [INFO]   [NG] NEUTRAL Discovered - currently not indexed       crawl=NEVER https://vonds.co.jp/column/google-ads-guide/
2026-04-16 10:03:43,215 [INFO]   [NG] NEUTRAL Discovered - currently not indexed       crawl=NEVER https://vonds.co.jp/column/ai-business-guide/
2026-04-16 10:03:50,736 [INFO]   [NG] NEUTRAL Discovered - currently not indexed       crawl=NEVER https://vonds.co.jp/column/local-seo-strategy/
2026-04-16 10:03:58,039 [INFO]   [NG] NEUTRAL Discovered - currently not indexed       crawl=NEVER https://vonds.co.jp/column/website-cost-guide/
2026-04-16 10:04:05,616 [INFO]   [NG] NEUTRAL Discovered - currently not indexed       crawl=NEVER https://vonds.co.jp/column/lp-design-tips/
2026-04-16 10:04:12,883 [INFO]   [NG] NEUTRAL URL is unknown to Google                 crawl=NEVER https://vonds.co.jp/column/website-renewal-timing/
2026-04-16 10:04:13,384 [INFO] === 結果: 7/17 インデックス済み ===
2026-04-16 10:04:13,384 [WARNING] 未インデックス: https://vonds.co.jp/company/, https://vonds.co.jp/column/seo-howto-guide/, https://vonds.co.jp/column/what-is-seo/, https://vonds.co.jp/column/web-design-guide/, https://vonds.co.jp/column/google-ads-guide/, https://vonds.co.jp/column/ai-business-guide/, https://vonds.co.jp/column/local-seo-strategy/, https://vonds.co.jp/column/website-cost-guide/, https://vonds.co.jp/column/lp-design-tips/, https://vonds.co.jp/column/website-renewal-timing/
2026-04-16 10:04:13,386 [INFO] 結果保存: /home/ozawakiryu0902/projects/vonds/data/gsc/index_status_latest.json
2026-04-17 10:02:13,689 [INFO] === インデックス状態チェック開始: 18URL ===
2026-04-17 10:02:21,141 [INFO]   [OK] PASS    Submitted and indexed                    crawl=2026-04-15 https://vonds.co.jp/
2026-04-17 10:02:28,885 [INFO]   [OK] PASS    Submitted and indexed                    crawl=2026-04-11 https://vonds.co.jp/works/seo/
2026-04-17 10:02:36,556 [INFO]   [OK] PASS    Submitted and indexed                    crawl=2026-04-11 https://vonds.co.jp/works/web/
2026-04-17 10:02:44,290 [INFO]   [OK] PASS    Submitted and indexed                    crawl=2026-04-11 https://vonds.co.jp/works/ads/
2026-04-17 10:02:51,998 [INFO]   [OK] PASS    Submitted and indexed                    crawl=2026-04-11 https://vonds.co.jp/works/ai/
2026-04-17 10:02:59,533 [INFO]   [NG] NEUTRAL Duplicate, Google chose different canonical than user crawl=2026-04-11 https://vonds.co.jp/company/
2026-04-17 10:03:06,784 [INFO]   [OK] PASS    Submitted and indexed                    crawl=2026-04-11 https://vonds.co.jp/column/
2026-04-17 10:03:14,307 [INFO]   [NG] NEUTRAL URL is unknown to Google                 crawl=NEVER https://vonds.co.jp/column/seo-howto-guide/
2026-04-17 10:03:21,982 [INFO]   [OK] PASS    Submitted and indexed                    crawl=2026-04-11 https://vonds.co.jp/column/yamanashi-seo/
2026-04-17 10:03:29,439 [INFO]   [NG] NEUTRAL Discovered - currently not indexed       crawl=NEVER https://vonds.co.jp/column/what-is-seo/
2026-04-17 10:03:36,912 [INFO]   [NG] NEUTRAL Discovered - currently not indexed       crawl=NEVER https://vonds.co.jp/column/web-design-guide/
2026-04-17 10:03:44,541 [INFO]   [NG] NEUTRAL Discovered - currently not indexed       crawl=NEVER https://vonds.co.jp/column/google-ads-guide/
2026-04-17 10:03:52,046 [INFO]   [NG] NEUTRAL Discovered - currently not indexed       crawl=NEVER https://vonds.co.jp/column/ai-business-guide/
2026-04-17 10:03:59,525 [INFO]   [NG] NEUTRAL Discovered - currently not indexed       crawl=NEVER https://vonds.co.jp/column/local-seo-strategy/
2026-04-17 10:04:07,035 [INFO]   [NG] NEUTRAL Discovered - currently not indexed       crawl=NEVER https://vonds.co.jp/column/website-cost-guide/
2026-04-17 10:04:14,250 [INFO]   [NG] NEUTRAL Discovered - currently not indexed       crawl=NEVER https://vonds.co.jp/column/lp-design-tips/
2026-04-17 10:04:21,697 [INFO]   [NG] NEUTRAL Discovered - currently not indexed       crawl=NEVER https://vonds.co.jp/column/website-renewal-timing/
2026-04-17 10:04:29,156 [INFO]   [NG] NEUTRAL URL is unknown to Google                 crawl=NEVER https://vonds.co.jp/column/website-no-traffic-fix/
2026-04-17 10:04:29,657 [INFO] === 結果: 7/18 インデックス済み ===
2026-04-17 10:04:29,657 [WARNING] 未インデックス: https://vonds.co.jp/company/, https://vonds.co.jp/column/seo-howto-guide/, https://vonds.co.jp/column/what-is-seo/, https://vonds.co.jp/column/web-design-guide/, https://vonds.co.jp/column/google-ads-guide/, https://vonds.co.jp/column/ai-business-guide/, https://vonds.co.jp/column/local-seo-strategy/, https://vonds.co.jp/column/website-cost-guide/, https://vonds.co.jp/column/lp-design-tips/, https://vonds.co.jp/column/website-renewal-timing/, https://vonds.co.jp/column/website-no-traffic-fix/
2026-04-17 10:04:29,658 [INFO] 結果保存: /home/ozawakiryu0902/projects/vonds/data/gsc/index_status_latest.json
2026-04-18 11:01:31,460 [INFO] === インデックス状態チェック開始: 19URL ===
2026-04-18 11:01:39,026 [INFO]   [OK] PASS    Submitted and indexed                    crawl=2026-04-15 https://vonds.co.jp/
2026-04-18 11:01:47,067 [INFO]   [OK] PASS    Submitted and indexed                    crawl=2026-04-11 https://vonds.co.jp/works/seo/
2026-04-18 11:01:54,977 [INFO]   [OK] PASS    Submitted and indexed                    crawl=2026-04-11 https://vonds.co.jp/works/web/
2026-04-18 11:02:02,866 [INFO]   [OK] PASS    Submitted and indexed                    crawl=2026-04-11 https://vonds.co.jp/works/ads/
2026-04-18 11:02:10,611 [INFO]   [OK] PASS    Submitted and indexed                    crawl=2026-04-11 https://vonds.co.jp/works/ai/
2026-04-18 11:02:18,238 [INFO]   [NG] NEUTRAL Duplicate, Google chose different canonical than user crawl=2026-04-11 https://vonds.co.jp/company/
2026-04-18 11:02:25,724 [INFO]   [OK] PASS    Submitted and indexed                    crawl=2026-04-11 https://vonds.co.jp/column/
2026-04-18 11:02:33,408 [INFO]   [NG] NEUTRAL Discovered - currently not indexed       crawl=NEVER https://vonds.co.jp/column/seo-howto-guide/
2026-04-18 11:02:41,196 [INFO]   [OK] PASS    Submitted and indexed                    crawl=2026-04-11 https://vonds.co.jp/column/yamanashi-seo/
2026-04-18 11:02:48,970 [INFO]   [NG] NEUTRAL Discovered - currently not indexed       crawl=NEVER https://vonds.co.jp/column/what-is-seo/
2026-04-18 11:02:56,802 [INFO]   [NG] NEUTRAL Discovered - currently not indexed       crawl=NEVER https://vonds.co.jp/column/web-design-guide/
2026-04-18 11:03:04,300 [INFO]   [NG] NEUTRAL URL is unknown to Google                 crawl=NEVER https://vonds.co.jp/column/google-ads-guide/
2026-04-18 11:03:11,781 [INFO]   [NG] NEUTRAL Discovered - currently not indexed       crawl=NEVER https://vonds.co.jp/column/ai-business-guide/
2026-04-18 11:03:19,629 [INFO]   [NG] NEUTRAL Discovered - currently not indexed       crawl=NEVER https://vonds.co.jp/column/local-seo-strategy/
2026-04-18 11:03:27,140 [INFO]   [NG] NEUTRAL Discovered - currently not indexed       crawl=NEVER https://vonds.co.jp/column/website-cost-guide/
2026-04-18 11:03:34,855 [INFO]   [NG] NEUTRAL URL is unknown to Google                 crawl=NEVER https://vonds.co.jp/column/lp-design-tips/
2026-04-18 11:03:42,772 [INFO]   [NG] NEUTRAL Discovered - currently not indexed       crawl=NEVER https://vonds.co.jp/column/website-renewal-timing/
2026-04-18 11:03:50,464 [INFO]   [OK] PASS    Submitted and indexed                    crawl=2026-04-17 https://vonds.co.jp/column/website-no-traffic-fix/
2026-04-18 11:03:57,951 [INFO]   [NG] NEUTRAL URL is unknown to Google                 crawl=NEVER https://vonds.co.jp/column/web-marketing-methods/
2026-04-18 11:03:58,452 [INFO] === 結果: 8/19 インデックス済み ===
2026-04-18 11:03:58,452 [WARNING] 未インデックス: https://vonds.co.jp/company/, https://vonds.co.jp/column/seo-howto-guide/, https://vonds.co.jp/column/what-is-seo/, https://vonds.co.jp/column/web-design-guide/, https://vonds.co.jp/column/google-ads-guide/, https://vonds.co.jp/column/ai-business-guide/, https://vonds.co.jp/column/local-seo-strategy/, https://vonds.co.jp/column/website-cost-guide/, https://vonds.co.jp/column/lp-design-tips/, https://vonds.co.jp/column/website-renewal-timing/, https://vonds.co.jp/column/web-marketing-methods/
2026-04-18 11:03:58,466 [INFO] 結果保存: /home/ozawakiryu0902/projects/vonds/data/gsc/index_status_latest.json
2026-04-19 10:01:31,063 [INFO] === インデックス状態チェック開始: 20URL ===
2026-04-19 10:01:38,432 [INFO]   [OK] PASS    Submitted and indexed                    crawl=2026-04-15 https://vonds.co.jp/
2026-04-19 10:01:46,159 [INFO]   [OK] PASS    Submitted and indexed                    crawl=2026-04-11 https://vonds.co.jp/works/seo/
2026-04-19 10:01:53,902 [INFO]   [OK] PASS    Submitted and indexed                    crawl=2026-04-11 https://vonds.co.jp/works/web/
2026-04-19 10:02:01,624 [INFO]   [OK] PASS    Submitted and indexed                    crawl=2026-04-11 https://vonds.co.jp/works/ads/
2026-04-19 10:02:09,343 [INFO]   [OK] PASS    Submitted and indexed                    crawl=2026-04-11 https://vonds.co.jp/works/ai/
2026-04-19 10:02:16,832 [INFO]   [NG] NEUTRAL Duplicate, Google chose different canonical than user crawl=2026-04-11 https://vonds.co.jp/company/
2026-04-19 10:02:24,264 [INFO]   [OK] PASS    Submitted and indexed                    crawl=2026-04-11 https://vonds.co.jp/column/
2026-04-19 10:02:31,548 [INFO]   [NG] NEUTRAL Discovered - currently not indexed       crawl=NEVER https://vonds.co.jp/column/seo-howto-guide/
2026-04-19 10:02:39,309 [INFO]   [OK] PASS    Submitted and indexed                    crawl=2026-04-11 https://vonds.co.jp/column/yamanashi-seo/
2026-04-19 10:02:46,753 [INFO]   [NG] NEUTRAL Discovered - currently not indexed       crawl=NEVER https://vonds.co.jp/column/what-is-seo/
2026-04-19 10:02:54,233 [INFO]   [NG] NEUTRAL Discovered - currently not indexed       crawl=NEVER https://vonds.co.jp/column/web-design-guide/
2026-04-19 10:03:01,701 [INFO]   [NG] NEUTRAL URL is unknown to Google                 crawl=NEVER https://vonds.co.jp/column/google-ads-guide/
2026-04-19 10:03:08,984 [INFO]   [NG] NEUTRAL Discovered - currently not indexed       crawl=NEVER https://vonds.co.jp/column/ai-business-guide/
2026-04-19 10:03:16,276 [INFO]   [NG] NEUTRAL URL is unknown to Google                 crawl=NEVER https://vonds.co.jp/column/local-seo-strategy/
2026-04-19 10:03:23,806 [INFO]   [NG] NEUTRAL Discovered - currently not indexed       crawl=NEVER https://vonds.co.jp/column/website-cost-guide/
2026-04-19 10:03:31,104 [INFO]   [NG] NEUTRAL Discovered - currently not indexed       crawl=NEVER https://vonds.co.jp/column/lp-design-tips/
2026-04-19 10:03:38,366 [INFO]   [NG] NEUTRAL Discovered - currently not indexed       crawl=NEVER https://vonds.co.jp/column/website-renewal-timing/
2026-04-19 10:03:45,821 [INFO]   [OK] PASS    Submitted and indexed                    crawl=2026-04-17 https://vonds.co.jp/column/website-no-traffic-fix/
2026-04-19 10:03:53,379 [INFO]   [NG] NEUTRAL Discovered - currently not indexed       crawl=NEVER https://vonds.co.jp/column/web-marketing-methods/
2026-04-19 10:04:00,876 [INFO]   [NG] NEUTRAL URL is unknown to Google                 crawl=NEVER https://vonds.co.jp/column/content-marketing-start/
2026-04-19 10:04:01,377 [INFO] === 結果: 8/20 インデックス済み ===
2026-04-19 10:04:01,377 [WARNING] 未インデックス: https://vonds.co.jp/company/, https://vonds.co.jp/column/seo-howto-guide/, https://vonds.co.jp/column/what-is-seo/, https://vonds.co.jp/column/web-design-guide/, https://vonds.co.jp/column/google-ads-guide/, https://vonds.co.jp/column/ai-business-guide/, https://vonds.co.jp/column/local-seo-strategy/, https://vonds.co.jp/column/website-cost-guide/, https://vonds.co.jp/column/lp-design-tips/, https://vonds.co.jp/column/website-renewal-timing/, https://vonds.co.jp/column/web-marketing-methods/, https://vonds.co.jp/column/content-marketing-start/
2026-04-19 10:04:01,378 [INFO] 結果保存: /home/ozawakiryu0902/projects/vonds/data/gsc/index_status_latest.json
