[2026/4/16 20:00:01] 投稿ファイル: queue/03_300pv.txt
[2026/4/16 20:00:01] 投稿内容 (150文字):
デリヘルの売上の正体は「PV」だ。

1成約 = 約300PV。
これが俺が22年のデータから導いた「300PVの方程式」。

売上を上げたければPVを上げろ。
PVを上げるには写メ日記を毎日5本出せ。
5本出すのが無理ならAIに書かせろ。

仕組みの話。根性の話じゃない。

#デリヘル経営 #売上
[2026/4/16 20:00:03] 投稿成功！ Tweet ID: 2044732542532919394
[2026/4/16 20:00:03] URL: https://x.com/unryuto_ai/status/2044732542532919394
[2026/4/16 20:00:03] 移動: queue/03_300pv.txt → posted/2026-04-16T11-00-03_2044732542532919394_03_300pv.txt
[2026/4/16 20:00:03] 残りキュー: 7本
[2026/4/17 9:00:01] 投稿ファイル: queue/04_kyujin_problem.txt
[2026/4/17 9:00:01] 投稿内容 (139文字):
風俗の求人が集まらない店の共通点。

①バニラに載せっぱなし（更新してない）
②求人文がどの店も同じ（差別化ゼロ）
③応募者への返信が遅い（3時間で離脱率80%）

全部「仕組み」で解決できる問題。
全部「載せれば来る」と思ってる店の負けパターン。

#風俗求人 #デリヘル開業
[2026/4/17 9:00:02] 投稿成功！ Tweet ID: 2044928835171594485
[2026/4/17 9:00:02] URL: https://x.com/unryuto_ai/status/2044928835171594485
[2026/4/17 9:00:02] 移動: queue/04_kyujin_problem.txt → posted/2026-04-17T00-00-02_2044928835171594485_04_kyujin_problem.txt
[2026/4/17 9:00:02] 残りキュー: 6本
