[2026/4/17 23:01:22] === dto競合分析v2 開始 ===
[2026/4/17 23:01:22] 
--- 東京 ---
[2026/4/17 23:01:22] ランキング取得: 東京
[2026/4/17 23:01:26]   30件取得
[2026/4/17 23:01:26]   [1/30] 舞湖 "明日🈵🙏🏻心置きなくエロエロを…"
[2026/4/17 23:01:29]   [2/30] 米倉 "🎥写メ日記は私からのメッセージ💝"
[2026/4/17 23:01:31]   [3/30] 三好 "祝　デリタウン６０件口コミありがとうございます😆💕✨"
[2026/4/17 23:01:34]   [4/30] 宮本 "聞いて！！この前ね🤭💖"
[2026/4/17 23:01:37]   [5/30] りな "一瞬の性欲で人生詰む人😱"
[2026/4/17 23:01:39]   [6/30] よしか "静かな夜の過ごし方🍀✨"
[2026/4/17 23:01:42]   [7/30] れい "これが、こう🍑*・゜゜・*:.。..。.:*【 来週のスケジュール 】"
[2026/4/17 23:01:45]   [8/30] 新人・れな "出勤しました🤗"
[2026/4/17 23:01:48]   [9/30] あやめ "本日お休みです🙇🏻‍♀️明日から本気出します🙇🏻‍♀️"
[2026/4/17 23:01:50]   [10/30] てん★爆乳天然Gカップ降臨★ "ちゃぷ💦ちゃぷ💦"
[2026/4/17 23:01:53]   [11/30] 平井(ひらい) "いつもありがとう💗"
[2026/4/17 23:01:56]   [12/30] 東 "フェ◯の平均時間💋❤️"
[2026/4/17 23:01:58]   [13/30] さなえ "過去動画でごめん🙏💦"
[2026/4/17 23:02:01]   [14/30] 桑田 "大変申し訳ございません🙏🙇😭"
[2026/4/17 23:02:04]   [15/30] 小野（おの） "いつもは。。。"
[2026/4/17 23:02:06]   [16/30] 目黒（めぐろ） "おつかれさま♥️"
[2026/4/17 23:02:09]   [17/30] すみれ "出勤しました❣️"
[2026/4/17 23:02:12]   [18/30] かりん "本日のお礼です"
[2026/4/17 23:02:14]   [19/30] 新木 "しゅっきん！"
[2026/4/17 23:02:17]   [20/30] リサ "まだ終わらない時間"
[2026/4/17 23:02:20]   [21/30] 舞香 "華金は女子会☺"
[2026/4/17 23:02:23]   [22/30] このは "ちょい寒だねえ"
[2026/4/17 23:02:25]   [23/30] ゆいな "こんばんは (ˊo̴̶̷̤  ̫ o̴̶̷̤ˋ)♡"
[2026/4/17 23:02:28]   [24/30] るん★爆乳Ｉカップ×新卒18歳 "みてみて🔞💖"
[2026/4/17 23:02:31]   [25/30] まりん★S級キス魔な妹系美少女 "🔞どこが好き？"
[2026/4/17 23:02:33]   [26/30] 美咲 "エロエロ下着❤️❤️"
[2026/4/17 23:02:36]   [27/30] 体験入店 るる "💌 21:00頃 80分のお兄様へ"
[2026/4/17 23:02:39]   [28/30] 美雪 "私に沼ってね♡"
[2026/4/17 23:02:42]   [29/30] えみ "おやすみマッスルーーーー"
[2026/4/17 23:02:44]   [30/30] あき "明後日"
[2026/4/17 23:02:47] 
--- 大阪 ---
[2026/4/17 23:02:47] ランキング取得: 大阪
[2026/4/17 23:02:50]   30件取得
[2026/4/17 23:02:50]   [1/30] えれな★動画顔出OK "可愛すぎるっ💗💗💗"
[2026/4/17 23:02:53]   [2/30] ミサキ "動画🎥"
[2026/4/17 23:02:55]   [3/30] 影山せいら "ありがとうございました"
[2026/4/17 23:02:58]   [4/30] ひめか "金晩🌸🍻"
[2026/4/17 23:03:01]   [5/30] まいか★動画顔出OK "参考に…♡♡"
[2026/4/17 23:03:03]   [6/30] あやみ "恥ずかしい……"
[2026/4/17 23:03:06]   [7/30] ことり【☆年間連続No.1☆】 "本指名様 AV撮影💕︎💕︎🧸💌"
[2026/4/17 23:03:09]   [8/30] ☆奇跡のアイリス☆ "全部無加工ノマカメ写真♥️"
[2026/4/17 23:03:11]   [9/30] ひなみ "次は明日💖"
[2026/4/17 23:03:14]   [10/30] 篠崎れいな "明日出勤❣️✨"
[2026/4/17 23:03:17]   [11/30] 琥珀/こはく・即 即電マ無料 "朝●ち×××しよ？"
[2026/4/17 23:03:19]   [12/30] うた/単体AV・撮影無料 "次回20:40~📢"
[2026/4/17 23:03:22]   [13/30] なつは "お礼💌120分パネル指名のお兄さん💗"
[2026/4/17 23:03:25]   [14/30] 木下　かえら "間接キス、ならゆるされるかな…うそ、ちゅーしよ？"
[2026/4/17 23:03:28]   [15/30] あみ "⸜❤︎⸝‍プレイの一部動画🎥♥️"
[2026/4/17 23:03:30]   [16/30] ★無敵のRouge★ "本日ご予約完売です♡"
[2026/4/17 23:03:33]   [17/30] ☆姫奈【ひな】☆ "エッ〇したくて、、、🩵"
[2026/4/17 23:03:36]   [18/30] りり "りりと同じダーツ好きなお兄さん🎯"
[2026/4/17 23:03:38]   [19/30] 水島　色葉 "3点攻め🔥"
[2026/4/17 23:03:41]   [20/30] 渋谷みく "深い〜"
[2026/4/17 23:03:44]   [21/30] ふわりん "💞💞いっぱい溜めてきてね💞💞"
[2026/4/17 23:03:46]   [22/30] リノ "ちゅー😗"
[2026/4/17 23:03:49]   [23/30] えま "私じゃ駄目ですか？"
[2026/4/17 23:03:52]   [24/30] ★初代 さり★ "🈵完売🈵"
[2026/4/17 23:03:55]   [25/30] 【SP】うゆ "むらむらさんどこなの！"
[2026/4/17 23:03:57]   [26/30] 八夜　夏愛 "スタミナ…補給🥰❤️"
[2026/4/17 23:04:00]   [27/30] リノ "ちゅー😗"
[2026/4/17 23:04:03]   [28/30] 黒咲 もあ・オススメ嬢 "週末❣️"
[2026/4/17 23:04:05]   [29/30] 夢二【ゆめじ】 "🚨【閲覧注意】断酒中の女、詰む。〜中津の魔窟・3ちゃん屋編〜"
[2026/4/17 23:04:08]   [30/30] ☆りな☆ "次回21：20〜🎀"
[2026/4/17 23:04:11] 
--- 愛知 ---
[2026/4/17 23:04:11] ランキング取得: 愛知
[2026/4/17 23:04:14]   30件取得
[2026/4/17 23:04:14]   [1/30] いぶ "17日　Kさん"
[2026/4/17 23:04:16]   [2/30] れい(昭和48年生まれ) "明日もイキます"
[2026/4/17 23:04:19]   [3/30] まこ "本日のいつもありがとうサマ"
[2026/4/17 23:04:22]   [4/30] ともよ(昭和46年生まれ) "本日は休みです"
[2026/4/17 23:04:24]   [5/30] りり "事前予約ありがとう?"
[2026/4/17 23:04:27]   [6/30] なつみ(昭和54年生まれ) "金曜日なのだ！"
[2026/4/17 23:04:30]   [7/30] ななみ "赤池Ｋ様??"
[2026/4/17 23:04:33]   [8/30] えりか "でかじりちゃん🍑"
[2026/4/17 23:04:35]   [9/30] 橘 みつり "ギューーーーっと！！"
[2026/4/17 23:04:38]   [10/30] あむ "今夜はしちゃお♥"
[2026/4/17 23:04:41]   [11/30] 桜衣吹 "ありがとうございました★"
[2026/4/17 23:04:44]   [12/30] 右京（うきょう） "あはっ😍😍😍"
[2026/4/17 23:04:46]   [13/30] かおん "一人で反省会…"
[2026/4/17 23:04:49]   [14/30] かな "覚醒"
[2026/4/17 23:04:52]   [15/30] こはく(昭和41年生まれ) "今日も一日お疲れ様でした。"
[2026/4/17 23:04:54]   [16/30] 北岸（きたぎし） "到着～😃"
[2026/4/17 23:04:57]   [17/30] つばさ "こんばんは(^^)"
[2026/4/17 23:05:00]   [18/30] みどり "気さく…"
[2026/4/17 23:05:02]   [19/30] なみ "発見"
[2026/4/17 23:05:05]   [20/30] あおい "ありがとう¨??"
[2026/4/17 23:05:08]   [21/30] 田中（たなか） "感謝です(*･ω･)♡"
[2026/4/17 23:05:11]   [22/30] くみこ(昭和45年生まれ) "本日のお礼です①優しい時間"
[2026/4/17 23:05:13]   [23/30] めめ "どえろいめめはお好きですか？💗"
[2026/4/17 23:05:16]   [24/30] えれん "今すぐ会える金曜日の誘惑💜"
[2026/4/17 23:05:19]   [25/30] 流川ゆのん "登校"
[2026/4/17 23:05:21]   [26/30] ことみ(昭和48年生まれ) "本日はありがとうございました"
[2026/4/17 23:05:24]   [27/30] あゆみ(昭和46年生まれ) "いつもありがとう♪感謝愛想い込めて"
[2026/4/17 23:05:27]   [28/30] 桃瀬（ももせ） "☆昨日のパラドールのＭ様へ☆"
[2026/4/17 23:05:30]   [29/30] 本田（ほんだ） "お昼ご飯です"
[2026/4/17 23:05:32]   [30/30] 阿比留（あびる） "本日、ご予約で完売です🙏"
[2026/4/17 23:05:35] 
--- 福岡 ---
[2026/4/17 23:05:35] ランキング取得: 福岡
[2026/4/17 23:05:38]   30件取得
[2026/4/17 23:05:38]   [1/30] はなび☆STANDARD "絶対満足させるから🤍"
[2026/4/17 23:05:41]   [2/30] 〇△ ラナ -[百合]- "ぱいーん"
[2026/4/17 23:05:43]   [3/30] 里中 あいり "今日も充実した一日でした"
[2026/4/17 23:05:46]   [4/30] りりか☆STANDARD "ごめぽ"
[2026/4/17 23:05:49]   [5/30] あい☆STANDARD "あと1日😣"
[2026/4/17 23:05:51]   [6/30] めろ☆BASIC "出勤 ⟡"
[2026/4/17 23:05:54]   [7/30] 叶 アイ -[百合]- "男性のでたいせつなもの♡"
[2026/4/17 23:05:57]   [8/30] はる☆4月11日入店 "向かってます"
[2026/4/17 23:05:59]   [9/30] なおこ☆博多1番の淫乱妻 "感謝"
[2026/4/17 23:06:02]   [10/30] ぱるる☆STANDARD "次回🈳03🩷🩷"
[2026/4/17 23:06:05]   [11/30] まこと顔出しビデオ撮影無料 "本日、すみません"
[2026/4/17 23:06:07]   [12/30] あかり☆小柄な彼女はGカップ "終わってます😉🩵"
[2026/4/17 23:06:10]   [13/30] りりあ☆絶対的不動のNo.1！ "愛用〇〇　動画"
[2026/4/17 23:06:13]   [14/30] 香坂 ナナ "おはようございます"
[2026/4/17 23:06:16]   [15/30] ゆりな即AF無料！ "こんばんわと"
[2026/4/17 23:06:18]   [16/30] 工藤 夕紀 "たくさんのお問合せありがとうございました♪"
[2026/4/17 23:06:21]   [17/30] 澤本ゆな☆STANDARD "♡出勤♡"
[2026/4/17 23:06:24]   [18/30] めぐ☆STANDARD "お礼日記💌𓈒𓏸⌇"
[2026/4/17 23:06:26]   [19/30] りお☆STANDARD "[お題]from:自慢市さん"
[2026/4/17 23:06:29]   [20/30] ゆん☆STANDARD "遊ぼうね🤍"
[2026/4/17 23:06:32]   [21/30] 青山 まいこ -[桜]- "いっちゃう、、"
[2026/4/17 23:06:34]   [22/30] ルミ☆PREMIUM "ご予約待ってます"
[2026/4/17 23:06:37]   [23/30] 本宮 かりな "こんばんわ?* :゜"
[2026/4/17 23:06:40]   [24/30] おもち☆BASIC "自宅のお兄様‪‪❤︎‬"
[2026/4/17 23:06:42]   [25/30] 立川 ユヅキ -[百合]- "お疲れさまです♡"
[2026/4/17 23:06:45]   [26/30] 浅倉 せりな -[桜]- "4月出勤❤️"
[2026/4/17 23:06:48]   [27/30] 宵月せれな☆STANDARD "今日はお昼から！"
[2026/4/17 23:06:50]   [28/30] みゆき☆えっちなS級お姉さん☆ "おれい"
[2026/4/17 23:06:53]   [29/30] かなえ☆生〇出しAF無料！ "お礼"
[2026/4/17 23:06:56]   [30/30] 桃色 みずき -[桜]- "向かってます♡"
[2026/4/17 23:06:58] 
--- 神奈川 ---
[2026/4/17 23:06:58] ランキング取得: 神奈川
[2026/4/17 23:07:01]   30件取得
[2026/4/17 23:07:01]   [1/30] 智依（ちい） "【おあずけ】続きは内緒"
[2026/4/17 23:07:04]   [2/30] 柴崎れんか【OL委員会】 "🗣︎💬本日受付終了しております🙏🏻 🈹引券GET(５枚)の本指名様"
[2026/4/17 23:07:07]   [3/30] 大石 しずか "お疲れ様です🌙✨"
[2026/4/17 23:07:09]   [4/30] えみり "👉🙈"
[2026/4/17 23:07:12]   [5/30] れい "下着占いの答えー🔮✨"
[2026/4/17 23:07:15]   [6/30] ゆず "🈵員御礼⭐️AM3時まで⏳️💕向かうね!!🚙💕"
[2026/4/17 23:07:17]   [7/30] ゆい【FG系列】 "💝立てなくなっちゃうから"
[2026/4/17 23:07:20]   [8/30] ゆん "‪‪❤︎‬‪‪❤︎‬‪‪❤︎‬"
[2026/4/17 23:07:23]   [9/30] 平(たいら) "裏の顔🫣"
[2026/4/17 23:07:25]   [10/30] ひなた★ド即即イラマ♪ "ふいちゃう…"
[2026/4/17 23:07:28]   [11/30] かえで☆神奈川の細身ロリ巨乳 "‪‪❤︎👦🏻絶対Eカップよりあるでしょ〜👧🏻‎そうかな❓確かめて🥰"
[2026/4/17 23:07:31]   [12/30] はるあ "お礼❤️"
[2026/4/17 23:07:33]   [13/30] きらら★高リピ率！感度◎ "きららgram 🎀イベント開催中です♡𓂃🎀𓈒𓏸"
[2026/4/17 23:07:36]   [14/30] すもも "ハムハム♡(,,-_-(-,,  )))ｶﾌﾟｯ♡"
[2026/4/17 23:07:39]   [15/30] あすか "春惚♡"
[2026/4/17 23:07:41]   [16/30] まこ "感謝感謝なんだよー♡"
[2026/4/17 23:07:44]   [17/30] えみり "初めて見た！！☺︎"
[2026/4/17 23:07:47]   [18/30] みよ "休憩中は…"
[2026/4/17 23:07:49]   [19/30] 上戸 "救世主〜🥹"
[2026/4/17 23:07:52]   [20/30] かれん "いのちの名前🩷"
[2026/4/17 23:07:55]   [21/30] いちご "のこりの空き枠のおしらせです🍓"
[2026/4/17 23:07:58]   [22/30] なな "🔞顔を見つめたまま…●に精●溢れるまで繋がってたい🔞"
[2026/4/17 23:08:00]   [23/30] あん "バックで、、"
[2026/4/17 23:08:03]   [24/30] なぎさ "仙台限定ポーチ⸜(*˙꒳˙*)⸝💛💛"
[2026/4/17 23:08:06]   [25/30] まみ "たまには...♡と出勤予定🗓️"
[2026/4/17 23:08:08]   [26/30] るねこ【FG系列】 "お仕事帰りに会いたいです"
[2026/4/17 23:08:11]   [27/30] りお "残りわずか！！"
[2026/4/17 23:08:14]   [28/30] れいら(れいら) "着きました"
[2026/4/17 23:08:16]   [29/30] ふうか "しゅっきんだよん🩷"
[2026/4/17 23:08:19]   [30/30] めぐな★AF対応可 "【お礼写メ日記】"
