[2026/4/6 21:00:01] 記事選択: [2] 【未経験の方へ】入店初日の流れを完全公開！
[2026/4/6 21:00:01] 予約投稿: 2026/04/07 22:00
[2026/4/6 21:00:31] エラー: page.goto: Timeout 30000ms exceeded.
Call log:
  - navigating to "https://manager.girlsheaven-job.net/", waiting until "networkidle"

[2026/4/7 21:00:01] 記事選択: [2] 【未経験の方へ】入店初日の流れを完全公開！
[2026/4/7 21:00:01] 予約投稿: 2026/04/08 22:00
[2026/4/7 21:00:14] ログイン完了
[2026/4/7 21:00:17] 店舗選択完了
[2026/4/7 21:00:21] 投稿ページ到達
[2026/4/7 21:00:21] 画像: gh_beginner_0.jpg
[2026/4/7 21:00:21] 入力完了: 【未経験の方へ】入店初日の流れを完全公開！ (955文字)
[2026/4/7 21:00:21] 投稿成功！
[2026/4/9 21:00:02] 記事選択: [3] 【Q&A】応募前の疑問10個に全部答えます
[2026/4/9 21:00:02] 予約投稿: 2026/04/10 22:00
[2026/4/9 21:00:23] ログイン完了
[2026/4/9 21:00:26] 店舗選択完了
[2026/4/9 21:00:31] 投稿ページ到達
[2026/4/9 21:00:31] 画像: gh_qa_2.jpg
[2026/4/9 21:00:32] 入力完了: 【Q&A】応募前の疑問10個に全部答えます (1332文字)
[2026/4/9 21:00:32] ダイアログ検出: ""
[2026/4/9 21:00:32] 投稿成功！
