[2026/4/6 22:00:02] 記事選択: [1] 【完全版】身バレが怖い方へ｜当店の7つの対策を全公開します
[2026/4/6 22:00:05] ログイン成功
[2026/4/6 22:00:09] 投稿ページ到達
[2026/4/6 22:00:09] 画像: vanilla_privacy_2.jpg
[2026/4/6 22:00:09] 入力完了: 【完全版】身バレが怖い方へ｜当店の7つの対策を全公開します (2919文字)
[2026/4/6 22:00:11] 投稿成功！
[2026/4/7 22:00:01] 記事選択: [2] 【未経験の方へ】入店初日の流れを完全公開！不安はここで解消
[2026/4/7 22:00:05] ログイン成功
[2026/4/7 22:00:06] 投稿ページ到達
[2026/4/7 22:00:06] 画像: vanilla_beginner_0.jpg
[2026/4/7 22:00:06] 入力完了: 【未経験の方へ】入店初日の流れを完全公開！不安はここで解消 (3259文字)
[2026/4/7 22:00:09] 投稿成功！
[2026/4/11 22:00:01] 記事選択: [4] 【出稼ぎ歓迎】寮完備・交通費支給｜遠方からでも安心して働ける環境です
[2026/4/11 22:00:04] ログイン成功
[2026/4/11 22:00:06] 投稿ページ到達
[2026/4/11 22:00:06] 画像: vanilla_dekasegi_1.jpg
[2026/4/11 22:00:06] 入力完了: 【出稼ぎ歓迎】寮完備・交通費支給｜遠方からでも安心して働ける環境です (2807文字)
[2026/4/11 22:00:08] 投稿成功！
[2026/4/12 22:00:01] 記事選択: [5] 【待遇公開】他店と比べてください｜絆が選ばれ続ける理由
[2026/4/12 22:00:04] ログイン成功
[2026/4/12 22:00:05] 投稿ページ到達
[2026/4/12 22:00:06] 画像: vanilla_benefits_2.jpg
[2026/4/12 22:00:06] 入力完了: 【待遇公開】他店と比べてください｜絆が選ばれ続ける理由 (2426文字)
[2026/4/12 22:00:08] 投稿成功！
[2026/4/13 22:00:02] 記事選択: [6] 【4月13日更新】今が始めどき！4月のお得な入店キャンペーン
[2026/4/13 22:00:06] ログイン成功
[2026/4/13 22:00:07] 投稿ページ到達
[2026/4/13 22:00:07] 画像: vanilla_seasonal_0.jpg
[2026/4/13 22:00:07] 入力完了: 【4月13日更新】今が始めどき！4月のお得な入店キャンペーン (1991文字)
[2026/4/13 22:00:10] 投稿成功！
